<?xml version="1.0" encoding="UTF-8"?>
<testng-results ignored="0" total="2" passed="2" failed="0" skipped="0">
  <reporter-output>
  </reporter-output>
  <suite started-at="2020-12-16T09:17:50Z" name="Default suite" finished-at="2020-12-16T09:18:31Z" duration-ms="41658">
    <groups>
    </groups>
    <test started-at="2020-12-16T09:17:50Z" name="Default test" finished-at="2020-12-16T09:18:31Z" duration-ms="41658">
      <class name="Selenium.Selenium">
        <test-method signature="tedhenat(java.lang.String, java.lang.String, java.lang.String, java.lang.String, java.lang.String, java.lang.String, java.lang.String, java.lang.String, java.lang.String, java.lang.String)[pri:1, instance:Selenium.Selenium@e50a6f6]" started-at="2020-12-16T09:17:50Z" name="tedhenat" data-provider="TeDhenat" finished-at="2020-12-16T09:18:11Z" duration-ms="21201" status="PASS">
          <params>
            <param index="0">
              <value>
                <![CDATA[111]]>
              </value>
            </param>
            <param index="1">
              <value>
                <![CDATA[]]>
              </value>
            </param>
            <param index="2">
              <value>
                <![CDATA[06-295-AS]]>
              </value>
            </param>
            <param index="3">
              <value>
                <![CDATA[E bardhe]]>
              </value>
            </param>
            <param index="4">
              <value>
                <![CDATA[Filan Fisteku]]>
              </value>
            </param>
            <param index="5">
              <value>
                <![CDATA[Kamenice]]>
              </value>
            </param>
            <param index="6">
              <value>
                <![CDATA[Shpetimi]]>
              </value>
            </param>
            <param index="7">
              <value>
                <![CDATA[445672678]]>
              </value>
            </param>
            <param index="8">
              <value>
                <![CDATA[filan.fisteku@hotmail.com]]>
              </value>
            </param>
            <param index="9">
              <value>
                <![CDATA[filan.fisteku@hotmail.com]]>
              </value>
            </param>
          </params>
          <reporter-output>
          </reporter-output>
        </test-method> <!-- tedhenat -->
        <test-method signature="tedhenat(java.lang.String, java.lang.String, java.lang.String, java.lang.String, java.lang.String, java.lang.String, java.lang.String, java.lang.String, java.lang.String, java.lang.String)[pri:1, instance:Selenium.Selenium@e50a6f6]" started-at="2020-12-16T09:18:11Z" name="tedhenat" data-provider="TeDhenat" finished-at="2020-12-16T09:18:31Z" duration-ms="20243" status="PASS">
          <params>
            <param index="0">
              <value>
                <![CDATA[1211]]>
              </value>
            </param>
            <param index="1">
              <value>
                <![CDATA[]]>
              </value>
            </param>
            <param index="2">
              <value>
                <![CDATA[03-785-IA]]>
              </value>
            </param>
            <param index="3">
              <value>
                <![CDATA[E verdhe]]>
              </value>
            </param>
            <param index="4">
              <value>
                <![CDATA[Emri Mbiemri]]>
              </value>
            </param>
            <param index="5">
              <value>
                <![CDATA[Prishtine]]>
              </value>
            </param>
            <param index="6">
              <value>
                <![CDATA[Bregu]]>
              </value>
            </param>
            <param index="7">
              <value>
                <![CDATA[445728932]]>
              </value>
            </param>
            <param index="8">
              <value>
                <![CDATA[emri.mbiemri@hotmail.com]]>
              </value>
            </param>
            <param index="9">
              <value>
                <![CDATA[emri@hotmail.com]]>
              </value>
            </param>
          </params>
          <reporter-output>
          </reporter-output>
        </test-method> <!-- tedhenat -->
      </class> <!-- Selenium.Selenium -->
    </test> <!-- Default test -->
  </suite> <!-- Default suite -->
</testng-results>
